\BOOKMARK [1][-]{section*.1}{\376\377\000A\000b\000s\000t\000r\000a\000c\000t}{}% 1
\BOOKMARK [1][-]{section*.2}{\376\377\000I\000n\000t\000r\000o\000d\000u\000c\000t\000i\000o\000n}{}% 2
\BOOKMARK [2][-]{section*.3}{\376\377\000T\000h\000e\000\040\000p\000r\000o\000b\000l\000e\000m}{section*.2}% 3
\BOOKMARK [2][-]{section*.4}{\376\377\000S\000t\000u\000d\000y\000\040\000P\000o\000p\000u\000l\000a\000t\000i\000o\000n}{section*.2}% 4
\BOOKMARK [2][-]{section*.5}{\376\377\000D\000a\000t\000a\000\040\000s\000o\000u\000r\000c\000e}{section*.2}% 5
\BOOKMARK [1][-]{section*.6}{\376\377\000B\000a\000s\000i\000c\000\040\000c\000o\000n\000c\000e\000p\000t\000s}{}% 6
\BOOKMARK [2][-]{section*.7}{\376\377\000S\000u\000r\000v\000i\000v\000a\000l\000\040\000a\000n\000a\000l\000y\000s\000i\000s}{section*.6}% 7
\BOOKMARK [2][-]{section*.8}{\376\377\000C\000e\000n\000s\000o\000r\000s\000h\000i\000p}{section*.6}% 8
\BOOKMARK [2][-]{section*.9}{\376\377\000B\000a\000y\000e\000s\000i\000a\000n\000\040\000a\000p\000p\000r\000o\000a\000c\000h\000\040\000a\000n\000d\000\040\000w\000h\000y\000\040\000B\000a\000y\000e\000s\000i\000a\000n}{section*.6}% 9
\BOOKMARK [1][-]{section*.10}{\376\377\000M\000o\000d\000e\000l\000s}{}% 10
\BOOKMARK [2][-]{section*.11}{\376\377\000K\000a\000p\000l\000a\000n\040\023\000M\000e\000i\000e\000r\000\040\000e\000s\000t\000i\000m\000a\000t\000o\000r}{section*.10}% 11
\BOOKMARK [2][-]{section*.12}{\376\377\000C\000o\000x\000\040\000p\000r\000o\000p\000o\000r\000t\000i\000o\000n\000a\000l\000\040\000h\000a\000z\000a\000r\000d\000s\000\040\000m\000o\000d\000e\000l}{section*.10}% 12
\BOOKMARK [1][-]{section*.13}{\376\377\000E\000s\000t\000i\000m\000a\000t\000i\000o\000n}{}% 13
\BOOKMARK [2][-]{section*.14}{\376\377\000L\000i\000n\000e\000a\000r\000\040\000M\000o\000d\000e\000l}{section*.13}% 14
\BOOKMARK [2][-]{section*.15}{\376\377\000B\000a\000s\000e\000l\000i\000n\000e\000\040\000H\000a\000z\000a\000r\000d}{section*.13}% 15
\BOOKMARK [2][-]{section*.16}{\376\377\000M\000o\000d\000e\000l\000\040\000S\000e\000l\000e\000c\000t\000i\000o\000n}{section*.13}% 16
\BOOKMARK [1][-]{section*.17}{\376\377\000R\000e\000s\000u\000l\000t\000s}{}% 17
\BOOKMARK [2][-]{section*.18}{\376\377\000E\000s\000t\000i\000m\000a\000t\000e}{section*.17}% 18
\BOOKMARK [1][-]{section*.19}{\376\377\000A\000n\000n\000e\000x\000e\000s}{}% 19
\BOOKMARK [1][-]{section*.20}{\376\377\000R\000e\000f\000e\000r\000e\000n\000c\000e\000s}{}% 20
